Performing C SOURCE FILE Test CMAKE_HAVE_LIBC_PTHREAD failed with the following output:
Change Dir: /home/samuele/projects/planning_ws/src/task-planner-interface/task_planner_interface_msgs/build/CMakeFiles/CMakeTmp

Run Build Command(s):/usr/bin/make cmTC_e2b75/fast && /usr/bin/make -f CMakeFiles/cmTC_e2b75.dir/build.make CMakeFiles/cmTC_e2b75.dir/build
make[1]: Entering directory '/home/samuele/projects/planning_ws/src/task-planner-interface/task_planner_interface_msgs/build/CMakeFiles/CMakeTmp'
Building C object CMakeFiles/cmTC_e2b75.dir/src.c.o
/bin/clang-10   -DCMAKE_HAVE_LIBC_PTHREAD   -o CMakeFiles/cmTC_e2b75.dir/src.c.o   -c /home/samuele/projects/planning_ws/src/task-planner-interface/task_planner_interface_msgs/build/CMakeFiles/CMakeTmp/src.c
Linking C executable cmTC_e2b75
/usr/bin/cmake -E cmake_link_script CMakeFiles/cmTC_e2b75.dir/link.txt --verbose=1
/bin/clang-10  -DCMAKE_HAVE_LIBC_PTHREAD    -rdynamic CMakeFiles/cmTC_e2b75.dir/src.c.o  -o cmTC_e2b75 
/bin/ld: CMakeFiles/cmTC_e2b75.dir/src.c.o: in function `main':
src.c:(.text+0x35): undefined reference to `pthread_create'
/bin/ld: src.c:(.text+0x41): undefined reference to `pthread_detach'
/bin/ld: src.c:(.text+0x53): undefined reference to `pthread_join'
clang: error: linker command failed with exit code 1 (use -v to see invocation)
make[1]: *** [CMakeFiles/cmTC_e2b75.dir/build.make:87: cmTC_e2b75] Error 1
make[1]: Leaving directory '/home/samuele/projects/planning_ws/src/task-planner-interface/task_planner_interface_msgs/build/CMakeFiles/CMakeTmp'
make: *** [Makefile:121: cmTC_e2b75/fast] Error 2


Source file was:
#include <pthread.h>

void* test_func(void* data)
{
  return data;
}

int main(void)
{
  pthread_t thread;
  pthread_create(&thread, NULL, test_func, NULL);
  pthread_detach(thread);
  pthread_join(thread, NULL);
  pthread_atfork(NULL, NULL, NULL);
  pthread_exit(NULL);

  return 0;
}

Determining if the function pthread_create exists in the pthreads failed with the following output:
Change Dir: /home/samuele/projects/planning_ws/src/task-planner-interface/task_planner_interface_msgs/build/CMakeFiles/CMakeTmp

Run Build Command(s):/usr/bin/make cmTC_c33d1/fast && /usr/bin/make -f CMakeFiles/cmTC_c33d1.dir/build.make CMakeFiles/cmTC_c33d1.dir/build
make[1]: Entering directory '/home/samuele/projects/planning_ws/src/task-planner-interface/task_planner_interface_msgs/build/CMakeFiles/CMakeTmp'
Building C object CMakeFiles/cmTC_c33d1.dir/CheckFunctionExists.c.o
/bin/clang-10   -DCHECK_FUNCTION_EXISTS=pthread_create   -o CMakeFiles/cmTC_c33d1.dir/CheckFunctionExists.c.o   -c /usr/share/cmake-3.16/Modules/CheckFunctionExists.c
Linking C executable cmTC_c33d1
/usr/bin/cmake -E cmake_link_script CMakeFiles/cmTC_c33d1.dir/link.txt --verbose=1
/bin/clang-10  -DCHECK_FUNCTION_EXISTS=pthread_create    -rdynamic CMakeFiles/cmTC_c33d1.dir/CheckFunctionExists.c.o  -o cmTC_c33d1  -lpthreads 
/bin/ld: cannot find -lpthreads
clang: error: linker command failed with exit code 1 (use -v to see invocation)
make[1]: *** [CMakeFiles/cmTC_c33d1.dir/build.make:87: cmTC_c33d1] Error 1
make[1]: Leaving directory '/home/samuele/projects/planning_ws/src/task-planner-interface/task_planner_interface_msgs/build/CMakeFiles/CMakeTmp'
make: *** [Makefile:121: cmTC_c33d1/fast] Error 2



